+++++++++++++++++++++++Generation 0+++++++++++++++++++++++
+++++++++++++++++++++++Generation 1+++++++++++++++++++++++
+++++++++++++++++++++++Generation 2+++++++++++++++++++++++
+++++++++++++++++++++++Generation 0+++++++++++++++++++++++
+++++++++++++++++++++++Generation 1+++++++++++++++++++++++
+++++++++++++++++++++++Generation 0+++++++++++++++++++++++
+++++++++++++++++++++++Generation 0+++++++++++++++++++++++
+++++++++++++++++++++++Generation 1+++++++++++++++++++++++
+++++++++++++++++++++++Generation 2+++++++++++++++++++++++
+++++++++++++++++++++++Generation 0+++++++++++++++++++++++
+++++++++++++++++++++++Generation 1+++++++++++++++++++++++
+++++++++++++++++++++++Generation 2+++++++++++++++++++++++
+++++++++++++++++++++++Generation 0+++++++++++++++++++++++
+++++++++++++++++++++++Generation 1+++++++++++++++++++++++
+++++++++++++++++++++++Generation 2+++++++++++++++++++++++
+++++++++++++++++++++++Generation 0+++++++++++++++++++++++
+++++++++++++++++++++++Generation 1+++++++++++++++++++++++
+++++++++++++++++++++++Generation 2+++++++++++++++++++++++
+++++++++++++++++++++++Generation 0+++++++++++++++++++++++
+++++++++++++++++++++++Generation 0+++++++++++++++++++++++
+++++++++++++++++++++++Generation 1+++++++++++++++++++++++
+++++++++++++++++++++++Generation 2+++++++++++++++++++++++
+++++++++++++++++++++++Generation 0+++++++++++++++++++++++
+++++++++++++++++++++++Generation 1+++++++++++++++++++++++
+++++++++++++++++++++++Generation 2+++++++++++++++++++++++
+++++++++++++++++++++++Generation 0+++++++++++++++++++++++
+++++++++++++++++++++++Generation 1+++++++++++++++++++++++
+++++++++++++++++++++++Generation 2+++++++++++++++++++++++
+++++++++++++++++++++++Generation 0+++++++++++++++++++++++
+++++++++++++++++++++++Generation 1+++++++++++++++++++++++
+++++++++++++++++++++++Generation 2+++++++++++++++++++++++
+++++++++++++++++++++++Generation 0+++++++++++++++++++++++
+++++++++++++++++++++++Generation 1+++++++++++++++++++++++
+++++++++++++++++++++++Generation 2+++++++++++++++++++++++
+++++++++++++++++++++++Generation 0+++++++++++++++++++++++
+++++++++++++++++++++++Generation 1+++++++++++++++++++++++
+++++++++++++++++++++++Generation 2+++++++++++++++++++++++
+++++++++++++++++++++++Generation 0+++++++++++++++++++++++
+++++++++++++++++++++++Generation 1+++++++++++++++++++++++
+++++++++++++++++++++++Generation 2+++++++++++++++++++++++
+++++++++++++++++++++++Generation 0+++++++++++++++++++++++
+++++++++++++++++++++++Generation 1+++++++++++++++++++++++
+++++++++++++++++++++++Generation 2+++++++++++++++++++++++
+++++++++++++++++++++++Generation 0+++++++++++++++++++++++
+++++++++++++++++++++++Generation 1+++++++++++++++++++++++
+++++++++++++++++++++++Generation 2+++++++++++++++++++++++
+++++++++++++++++++++++Generation 0+++++++++++++++++++++++
+++++++++++++++++++++++Generation 0+++++++++++++++++++++++
+++++++++++++++++++++++Generation 0+++++++++++++++++++++++
+++++++++++++++++++++++Generation 1+++++++++++++++++++++++
+++++++++++++++++++++++Generation 2+++++++++++++++++++++++
+++++++++++++++++++++++Generation 0+++++++++++++++++++++++
+++++++++++++++++++++++Generation 1+++++++++++++++++++++++
+++++++++++++++++++++++Generation 2+++++++++++++++++++++++
+++++++++++++++++++++++Generation 0+++++++++++++++++++++++
+++++++++++++++++++++++Generation 1+++++++++++++++++++++++
+++++++++++++++++++++++Generation 2+++++++++++++++++++++++
+++++++++++++++++++++++Generation 3+++++++++++++++++++++++
+++++++++++++++++++++++Generation 4+++++++++++++++++++++++
+++++++++++++++++++++++Generation 5+++++++++++++++++++++++
+++++++++++++++++++++++Generation 6+++++++++++++++++++++++
+++++++++++++++++++++++Generation 7+++++++++++++++++++++++
+++++++++++++++++++++++Generation 8+++++++++++++++++++++++
+++++++++++++++++++++++Generation 9+++++++++++++++++++++++
+++++++++++++++++++++++Generation 10+++++++++++++++++++++++
+++++++++++++++++++++++Generation 11+++++++++++++++++++++++
+++++++++++++++++++++++Generation 0+++++++++++++++++++++++
+++++++++++++++++++++++Generation 1+++++++++++++++++++++++
+++++++++++++++++++++++Generation 2+++++++++++++++++++++++
+++++++++++++++++++++++Generation 0+++++++++++++++++++++++
0.7207792401313782
0.7662337422370911
0.6883116960525513
0.7792207598686218
0.7077922224998474
0.7467532753944397
0.7467532753944397
0.7272727489471436
0.7662337422370911
0.7727272510528564
0.7532467246055603
0.7532467246055603
+++++++++++++++++++++++Generation 1+++++++++++++++++++++++
0.7207792401313782
0.7662337422370911
0.7142857313156128
0.7792207598686218
0.7467532753944397
0.7467532753944397
0.7467532753944397
0.7272727489471436
0.7662337422370911
0.7727272510528564
0.7532467246055603
0.7532467246055603
+++++++++++++++++++++++Generation 2+++++++++++++++++++++++
0.7467532753944397
0.7662337422370911
0.7532467246055603
0.7792207598686218
0.7467532753944397
+++++++++++++++++++++++Generation 0+++++++++++++++++++++++
0.7402597665786743
0.8051947951316833
0.7142857313156128
0.7467532753944397
0.6428571343421936
0.7077922224998474
0.7597402334213257
0.7272727489471436
0.7207792401313782
0.7532467246055603
0.7532467246055603
0.7402597665786743
+++++++++++++++++++++++Generation 1+++++++++++++++++++++++
0.7402597665786743
0.8051947951316833
0.7662337422370911
0.7467532753944397
0.7142857313156128
0.7077922224998474
0.7662337422370911
0.798701286315918
0.7207792401313782
0.7532467246055603
0.7532467246055603
0.7402597665786743
+++++++++++++++++++++++Generation 2+++++++++++++++++++++++
0.7402597665786743
0.8051947951316833
0.7662337422370911
0.7467532753944397
0.7142857313156128
0.798701286315918
0.7662337422370911
0.798701286315918
0.7207792401313782
0.7532467246055603
0.7532467246055603
0.7402597665786743
+++++++++++++++++++++++Generation 0+++++++++++++++++++++++
0.7467532753944397
0.7207792401313782
0.7337662577629089
0.7597402334213257
0.798701286315918
+++++++++++++++++++++++Generation 1+++++++++++++++++++++++
0.7467532753944397
0.7207792401313782
0.7337662577629089
0.7597402334213257
0.798701286315918
+++++++++++++++++++++++Generation 2+++++++++++++++++++++++
0.7467532753944397
0.7207792401313782
0.7337662577629089
0.7597402334213257
0.798701286315918
+++++++++++++++++++++++Generation 0+++++++++++++++++++++++
0.7142857313156128
0.7662337422370911
0.7467532753944397
0.7402597665786743
0.7467532753944397
0.6233766078948975
0.7467532753944397
0.7272727489471436
0.7467532753944397
0.7337662577629089
+++++++++++++++++++++++Generation 1+++++++++++++++++++++++
0.7142857313156128
0.7792207598686218
0.7467532753944397
0.7857142686843872
0.7467532753944397
0.7467532753944397
0.7467532753944397
0.7662337422370911
0.7467532753944397
0.7467532753944397
+++++++++++++++++++++++Generation 2+++++++++++++++++++++++
0.7272727489471436
0.7792207598686218
0.7467532753944397
0.7857142686843872
0.7467532753944397
0.7727272510528564
0.7467532753944397
0.7662337422370911
0.7467532753944397
0.7467532753944397
+++++++++++++++++++++++Generation 0+++++++++++++++++++++++
0.7532467246055603
0.701298713684082
0.7467532753944397
0.7402597665786743
0.6948052048683167
0.7662337422370911
0.701298713684082
0.7532467246055603
0.701298713684082
0.7337662577629089
+++++++++++++++++++++++Generation 1+++++++++++++++++++++++
0.7532467246055603
0.7402597665786743
0.7467532753944397
0.7402597665786743
0.6948052048683167
0.7662337422370911
0.701298713684082
0.7532467246055603
0.701298713684082
0.7337662577629089
+++++++++++++++++++++++Generation 2+++++++++++++++++++++++
0.7532467246055603
0.7402597665786743
0.7467532753944397
0.7467532753944397
0.6948052048683167
0.7662337422370911
0.701298713684082
0.7532467246055603
0.7532467246055603
0.7337662577629089
+++++++++++++++++++++++Generation 0+++++++++++++++++++++++
0.7077922224998474
0.7857142686843872
0.6428571343421936
0.7467532753944397
0.649350643157959
0.7857142686843872
0.7532467246055603
0.7597402334213257
0.7532467246055603
0.7467532753944397
+++++++++++++++++++++++Generation 1+++++++++++++++++++++++
0.7077922224998474
0.7857142686843872
0.6428571343421936
0.7467532753944397
+++++++++++++++++++++++Generation 0+++++++++++++++++++++++
0.7207792401313782
0.7597402334213257
0.6428571343421936
0.8051947951316833
0.7142857313156128
0.7792207598686218
0.7662337422370911
0.6688311696052551
0.7662337422370911
0.7597402334213257
+++++++++++++++++++++++Generation 1+++++++++++++++++++++++
0.7207792401313782
0.7597402334213257
0.6428571343421936
0.8051947951316833
0.7402597665786743
0.7792207598686218
0.7662337422370911
0.6688311696052551
0.7662337422370911
0.7597402334213257
+++++++++++++++++++++++Generation 2+++++++++++++++++++++++
0.7207792401313782
0.7597402334213257
0.6428571343421936
0.8051947951316833
0.7402597665786743
0.7792207598686218
0.7662337422370911
0.7597402334213257
0.7662337422370911
0.7597402334213257
+++++++++++++++++++++++Generation 0+++++++++++++++++++++++
0.6948052048683167
0.7077922224998474
0.7792207598686218
0.6818181872367859
0.7402597665786743
0.7272727489471436
0.6883116960525513
0.7402597665786743
0.7142857313156128
0.7077922224998474
+++++++++++++++++++++++Generation 1+++++++++++++++++++++++
0.7207792401313782
0.7077922224998474
0.7792207598686218
0.6818181872367859
0.7402597665786743
0.7272727489471436
0.7662337422370911
0.7402597665786743
0.7142857313156128
0.7077922224998474
+++++++++++++++++++++++Generation 2+++++++++++++++++++++++
0.7207792401313782
0.7077922224998474
0.7792207598686218
0.6818181872367859
0.7402597665786743
0.7272727489471436
0.7662337422370911
0.7402597665786743
0.7142857313156128
0.7077922224998474
+++++++++++++++++++++++Generation 0+++++++++++++++++++++++
0.7402597665786743
0.7727272510528564
0.6038960814476013
0.7597402334213257
0.7337662577629089
0.7142857313156128
0.6883116960525513
0.7532467246055603
0.7207792401313782
0.7467532753944397
+++++++++++++++++++++++Generation 1+++++++++++++++++++++++
0.7402597665786743
0.7792207598686218
0.7337662577629089
0.7597402334213257
0.7337662577629089
0.7662337422370911
0.7272727489471436
0.7662337422370911
0.7597402334213257
0.7597402334213257
+++++++++++++++++++++++Generation 2+++++++++++++++++++++++
0.7857142686843872
0.7792207598686218
0.7337662577629089
0.7597402334213257
0.7337662577629089
0.7662337422370911
0.7272727489471436
0.7662337422370911
0.7597402334213257
0.7597402334213257
+++++++++++++++++++++++Generation 0+++++++++++++++++++++++
0.7142857313156128
0.7727272510528564
0.7337662577629089
0.7402597665786743
0.7077922224998474
0.7857142686843872
0.7792207598686218
0.7597402334213257
0.7142857313156128
0.7142857313156128
+++++++++++++++++++++++Generation 1+++++++++++++++++++++++
0.7142857313156128
0.7727272510528564
0.7597402334213257
0.7402597665786743
0.7077922224998474
0.7857142686843872
0.7792207598686218
0.7597402334213257
0.7142857313156128
0.7142857313156128
+++++++++++++++++++++++Generation 2+++++++++++++++++++++++
0.7337662577629089
0.7922077775001526
0.8051947951316833
0.7402597665786743
0.7532467246055603
0.7857142686843872
0.7792207598686218
0.7597402334213257
0.7597402334213257
0.8181818127632141
+++++++++++++++++++++++Generation 0+++++++++++++++++++++++
0.7662337422370911
0.7402597665786743
0.7662337422370911
0.7272727489471436
0.7272727489471436
0.7467532753944397
0.7402597665786743
0.7662337422370911
0.7792207598686218
0.6688311696052551
+++++++++++++++++++++++Generation 1+++++++++++++++++++++++
0.7792207598686218
0.7662337422370911
0.7662337422370911
0.7272727489471436
0.7272727489471436
0.7727272510528564
0.7467532753944397
0.7662337422370911
0.7792207598686218
0.7467532753944397
+++++++++++++++++++++++Generation 2+++++++++++++++++++++++
0.7792207598686218
0.7662337422370911
0.7662337422370911
0.7272727489471436
0.7402597665786743
0.7727272510528564
0.7597402334213257
0.7662337422370911
0.7792207598686218
0.7727272510528564
+++++++++++++++++++++++Generation 0+++++++++++++++++++++++
+++++++++++++++++++++++Generation 0+++++++++++++++++++++++
0.7467532753944397
0.7597402334213257
0.7532467246055603
0.7597402334213257
+++++++++++++++++++++++Generation 1+++++++++++++++++++++++
0.7727272510528564
0.7597402334213257
0.7532467246055603
0.7857142686843872
+++++++++++++++++++++++Generation 2+++++++++++++++++++++++
0.7727272510528564
0.7597402334213257
0.7532467246055603
0.7857142686843872
+++++++++++++++++++++++Generation 0+++++++++++++++++++++++
0.7532467246055603
0.7077922224998474
0.7337662577629089
0.7662337422370911
0.7857142686843872
0.7207792401313782
0.7922077775001526
0.7532467246055603
0.7337662577629089
0.701298713684082
+++++++++++++++++++++++Generation 1+++++++++++++++++++++++
0.7532467246055603
0.7272727489471436
0.7337662577629089
0.7662337422370911
0.7857142686843872
0.7402597665786743
0.7922077775001526
0.7532467246055603
0.7337662577629089
0.7662337422370911
+++++++++++++++++++++++Generation 2+++++++++++++++++++++++
0.7532467246055603
0.7272727489471436
0.7337662577629089
0.7662337422370911
0.7857142686843872
0.7857142686843872
0.7922077775001526
0.7532467246055603
0.7532467246055603
0.7662337422370911
+++++++++++++++++++++++Generation 0+++++++++++++++++++++++
0.6753246784210205
0.7792207598686218
0.7532467246055603
0.7532467246055603
+++++++++++++++++++++++Generation 1+++++++++++++++++++++++
0.7467532753944397
0.7792207598686218
0.7532467246055603
0.7532467246055603
+++++++++++++++++++++++Generation 0+++++++++++++++++++++++
0.7207792401313782
0.6948052048683167
0.6623376607894897
0.7727272510528564
+++++++++++++++++++++++Generation 0+++++++++++++++++++++++
0.7207792401313782
0.701298713684082
0.701298713684082
0.7337662577629089
+++++++++++++++++++++++Generation 0+++++++++++++++++++++++
0.7597402334213257
0.6883116960525513
0.7337662577629089
0.7337662577629089
+++++++++++++++++++++++Generation 0+++++++++++++++++++++++
0.7337662577629089
0.6818181872367859
0.7142857313156128
0.7207792401313782
+++++++++++++++++++++++Generation 0+++++++++++++++++++++++
0.7207792401313782
0.7597402334213257
0.6818181872367859
0.7727272510528564
+++++++++++++++++++++++Generation 0+++++++++++++++++++++++
0.7727272510528564
0.7142857313156128
0.7792207598686218
0.649350643157959
0.7727272510528564
0.6948052048683167
0.701298713684082
0.7337662577629089
0.6818181872367859
0.701298713684082
+++++++++++++++++++++++Generation 0+++++++++++++++++++++++
0.7077922224998474
0.7857142686843872
0.6558441519737244
0.7467532753944397
0.7337662577629089
0.6428571343421936
0.649350643157959
0.7142857313156128
0.6948052048683167
0.7467532753944397
+++++++++++++++++++++++Generation 0+++++++++++++++++++++++
0.7662337422370911
0.6753246784210205
0.7337662577629089
0.7077922224998474
0.6623376607894897
0.6558441519737244
0.701298713684082
0.7142857313156128
0.7207792401313782
0.7272727489471436
+++++++++++++++++++++++Generation 0+++++++++++++++++++++++
0.7207792401313782
0.6623376607894897
0.7272727489471436
0.7792207598686218
+++++++++++++++++++++++Generation 0+++++++++++++++++++++++
0.7207792401313782
0.7272727489471436
0.6753246784210205
0.798701286315918
+++++++++++++++++++++++Generation 0+++++++++++++++++++++++
0.7597402334213257
0.6428571343421936
0.7597402334213257
0.7467532753944397
+++++++++++++++++++++++Generation 0+++++++++++++++++++++++
0.7727272510528564
0.7402597665786743
0.7337662577629089
0.7597402334213257
+++++++++++++++++++++++Generation 0+++++++++++++++++++++++
0.701298713684082
0.7467532753944397
0.7272727489471436
0.7077922224998474
+++++++++++++++++++++++Generation 0+++++++++++++++++++++++
0.7792207598686218
0.7077922224998474
0.8051947951316833
0.7402597665786743
+++++++++++++++++++++++Generation 0+++++++++++++++++++++++
0.7532467246055603
0.6428571343421936
0.8051947951316833
0.7142857313156128
+++++++++++++++++++++++Generation 0+++++++++++++++++++++++
0.7337662577629089
0.7532467246055603
0.7207792401313782
0.701298713684082
+++++++++++++++++++++++Generation 0+++++++++++++++++++++++
0.6948052048683167
0.7142857313156128
0.7662337422370911
0.7467532753944397
+++++++++++++++++++++++Generation 0+++++++++++++++++++++++
0.6753246784210205
0.8051947951316833
0.7792207598686218
0.6818181872367859
+++++++++++++++++++++++Generation 0+++++++++++++++++++++++
0.6753246784210205
0.7532467246055603
0.7532467246055603
0.701298713684082
+++++++++++++++++++++++Generation 0+++++++++++++++++++++++
0.6818181872367859
0.7662337422370911
0.7467532753944397
0.7792207598686218
+++++++++++++++++++++++Generation 0+++++++++++++++++++++++
0.7597402334213257
0.7272727489471436
0.7077922224998474
0.7727272510528564
+++++++++++++++++++++++Generation 0+++++++++++++++++++++++
0.6428571343421936
0.7467532753944397
0.6688311696052551
0.6948052048683167
+++++++++++++++++++++++Generation 0+++++++++++++++++++++++
0.6753246784210205
0.7142857313156128
0.7337662577629089
0.7207792401313782
+++++++++++++++++++++++Generation 0+++++++++++++++++++++++
0.701298713684082
0.7402597665786743
0.6623376607894897
0.798701286315918
+++++++++++++++++++++++Generation 0+++++++++++++++++++++++
0.7402597665786743
0.7597402334213257
0.701298713684082
0.7207792401313782
+++++++++++++++++++++++Generation 0+++++++++++++++++++++++
0.7207792401313782
0.6688311696052551
0.7337662577629089
0.6948052048683167
0.6558441519737244
0.7532467246055603
0.7467532753944397
0.7402597665786743
0.7337662577629089
0.7272727489471436
+++++++++++++++++++++++Generation 1+++++++++++++++++++++++
0.7727272510528564
0.6688311696052551
0.7402597665786743
0.7207792401313782
0.7207792401313782
0.7532467246055603
0.7467532753944397
0.7402597665786743
0.7337662577629089
0.7272727489471436
+++++++++++++++++++++++Generation 2+++++++++++++++++++++++
0.7727272510528564
0.7597402334213257
0.7402597665786743
0.7532467246055603
0.7207792401313782
0.7532467246055603
0.7467532753944397
0.7402597665786743
0.7727272510528564
0.7922077775001526
+++++++++++++++++++++++Generation 0+++++++++++++++++++++++
0.7207792401313782
0.7662337422370911
0.7337662577629089
0.7337662577629089
0.7337662577629089
0.6818181872367859
0.6948052048683167
0.7532467246055603
0.7792207598686218
0.6623376607894897
+++++++++++++++++++++++Generation 1+++++++++++++++++++++++
0.7207792401313782
0.7662337422370911
0.7337662577629089
0.7337662577629089
0.7337662577629089
0.701298713684082
0.6948052048683167
0.7532467246055603
0.7857142686843872
0.6623376607894897
+++++++++++++++++++++++Generation 2+++++++++++++++++++++++
0.7532467246055603
0.7662337422370911
0.7532467246055603
0.7337662577629089
0.7337662577629089
0.701298713684082
0.6948052048683167
0.7532467246055603
0.7857142686843872
0.7337662577629089
+++++++++++++++++++++++Generation 0+++++++++++++++++++++++
0.7662337422370911
0.7727272510528564
0.7207792401313782
0.7142857313156128
0.7272727489471436
0.7077922224998474
0.7467532753944397
0.7467532753944397
0.7467532753944397
0.7662337422370911
+++++++++++++++++++++++Generation 1+++++++++++++++++++++++
0.7662337422370911
0.7727272510528564
0.7467532753944397
0.7272727489471436
0.7337662577629089
0.7077922224998474
0.7467532753944397
0.7662337422370911
0.7857142686843872
0.7662337422370911
+++++++++++++++++++++++Generation 2+++++++++++++++++++++++
0.7662337422370911
0.7727272510528564
0.7467532753944397
0.7597402334213257
0.7857142686843872
0.7077922224998474
0.7467532753944397
0.7662337422370911
0.7857142686843872
0.7857142686843872
+++++++++++++++++++++++Generation 3+++++++++++++++++++++++
0.7857142686843872
0.7727272510528564
0.7467532753944397
0.7597402334213257
0.7857142686843872
0.7467532753944397
0.7467532753944397
0.7662337422370911
0.7857142686843872
0.7857142686843872
+++++++++++++++++++++++Generation 4+++++++++++++++++++++++
0.7857142686843872
0.7727272510528564
0.7662337422370911
0.7597402334213257
0.7857142686843872
0.7727272510528564
0.7857142686843872
0.7662337422370911
0.7857142686843872
0.7857142686843872
+++++++++++++++++++++++Generation 5+++++++++++++++++++++++
0.7857142686843872
0.7727272510528564
0.7792207598686218
0.7727272510528564
0.7857142686843872
0.7727272510528564
0.7857142686843872
0.7662337422370911
0.7857142686843872
0.7857142686843872
+++++++++++++++++++++++Generation 6+++++++++++++++++++++++
0.7857142686843872
0.7727272510528564
0.7792207598686218
0.7727272510528564
0.7857142686843872
0.7727272510528564
0.7857142686843872
0.7662337422370911
0.7857142686843872
0.7857142686843872
+++++++++++++++++++++++Generation 7+++++++++++++++++++++++
0.7857142686843872
0.7727272510528564
0.7792207598686218
0.7727272510528564
0.7857142686843872
0.7727272510528564
0.7857142686843872
0.7662337422370911
0.7857142686843872
0.7857142686843872
+++++++++++++++++++++++Generation 8+++++++++++++++++++++++
0.7857142686843872
0.7727272510528564
0.7792207598686218
0.7727272510528564
0.7857142686843872
0.7727272510528564
0.7857142686843872
0.7662337422370911
0.7857142686843872
0.7857142686843872
+++++++++++++++++++++++Generation 9+++++++++++++++++++++++
0.7857142686843872
0.7727272510528564
0.7792207598686218
0.7727272510528564
0.7857142686843872
0.7727272510528564
+++++++++++++++++++++++Generation 0+++++++++++++++++++++++
0.7857142686843872
0.6428571343421936
0.7597402334213257
0.701298713684082
0.6558441519737244
0.7467532753944397
0.7402597665786743
0.7597402334213257
0.7207792401313782
0.6948052048683167
+++++++++++++++++++++++Generation 1+++++++++++++++++++++++
0.7857142686843872
0.6558441519737244
0.8051947951316833
0.701298713684082
0.7857142686843872
0.7467532753944397
0.7402597665786743
0.7597402334213257
0.7207792401313782
0.6948052048683167
+++++++++++++++++++++++Generation 2+++++++++++++++++++++++
0.7857142686843872
0.7402597665786743
0.8051947951316833
0.701298713684082
0.7857142686843872
0.7467532753944397
0.7402597665786743
0.7597402334213257
0.7207792401313782
0.7467532753944397
+++++++++++++++++++++++Generation 0+++++++++++++++++++++++
0.7272727489471436
0.7402597665786743
0.701298713684082
0.7402597665786743
0.7142857313156128
0.7792207598686218
0.7532467246055603
0.7272727489471436
0.7727272510528564
0.7662337422370911
+++++++++++++++++++++++Generation 1+++++++++++++++++++++++
0.7272727489471436
0.7402597665786743
0.701298713684082
0.7402597665786743
0.7142857313156128
0.7792207598686218
0.7532467246055603
0.7402597665786743
0.7727272510528564
0.7662337422370911
+++++++++++++++++++++++Generation 2+++++++++++++++++++++++
0.7272727489471436
0.7402597665786743
0.701298713684082
0.7402597665786743
0.7142857313156128
0.7792207598686218
0.7532467246055603
0.7402597665786743
0.7727272510528564
0.7662337422370911
+++++++++++++++++++++++Generation 0+++++++++++++++++++++++
0.7207792401313782
0.7077922224998474
0.7337662577629089
0.7727272510528564
0.6883116960525513
0.6558441519737244
0.6948052048683167
0.7272727489471436
0.7402597665786743
0.7142857313156128
0.7532467246055603
0.7077922224998474
0.7597402334213257
0.7272727489471436
0.7597402334213257
+++++++++++++++++++++++Generation 1+++++++++++++++++++++++
0.7662337422370911
0.7272727489471436
0.7337662577629089
0.7727272510528564
0.7597402334213257
0.7727272510528564
0.7597402334213257
0.7727272510528564
0.7402597665786743
0.7597402334213257
0.7532467246055603
0.7077922224998474
0.7597402334213257
0.7272727489471436
0.7597402334213257
+++++++++++++++++++++++Generation 2+++++++++++++++++++++++
0.7662337422370911
0.7337662577629089
0.7337662577629089
0.7727272510528564
0.7597402334213257
0.7727272510528564
0.7922077775001526
0.7727272510528564
0.7402597665786743
0.7922077775001526
0.7532467246055603
0.7077922224998474
0.7727272510528564
0.7532467246055603
0.7597402334213257
+++++++++++++++++++++++Generation 3+++++++++++++++++++++++
0.7857142686843872
0.7402597665786743
0.7857142686843872
0.7727272510528564
0.7597402334213257
0.7727272510528564
0.7922077775001526
0.7727272510528564
0.7402597665786743
0.7922077775001526
0.7532467246055603
0.7727272510528564
0.7727272510528564
0.7532467246055603
0.7597402334213257
+++++++++++++++++++++++Generation 0+++++++++++++++++++++++
0.7727272510528564
0.7077922224998474
0.7792207598686218
0.7467532753944397
0.7597402334213257
0.6428571343421936
0.6753246784210205
0.7922077775001526
0.6883116960525513
0.7467532753944397
0.7207792401313782
0.7207792401313782
0.7727272510528564
0.7662337422370911
0.7142857313156128
+++++++++++++++++++++++Generation 1+++++++++++++++++++++++
0.7727272510528564
0.7662337422370911
0.7792207598686218
0.7467532753944397
0.7792207598686218
0.7077922224998474
0.7727272510528564
0.7922077775001526
0.6883116960525513
0.7792207598686218
0.7662337422370911
0.7467532753944397
0.7727272510528564
0.7662337422370911
0.7597402334213257
+++++++++++++++++++++++Generation 2+++++++++++++++++++++++
0.7727272510528564
0.7662337422370911
0.7792207598686218
0.7597402334213257
0.7792207598686218
0.7077922224998474
0.7727272510528564
0.7922077775001526
0.7792207598686218
0.7792207598686218
0.7662337422370911
0.7662337422370911
0.7727272510528564
0.7662337422370911
0.7597402334213257
+++++++++++++++++++++++Generation 3+++++++++++++++++++++++
0.7727272510528564
0.7662337422370911
0.7792207598686218
0.7597402334213257
0.7792207598686218
0.7077922224998474
0.7727272510528564
0.7922077775001526
0.7792207598686218
0.7792207598686218
0.7727272510528564
0.7662337422370911
0.7727272510528564
0.7662337422370911
0.7597402334213257
+++++++++++++++++++++++Generation 0+++++++++++++++++++++++
0.7337662577629089
0.7272727489471436
0.701298713684082
0.6103895902633667
0.7467532753944397
0.7467532753944397
0.6818181872367859
0.7402597665786743
0.7207792401313782
0.6948052048683167
0.7142857313156128
0.7662337422370911
0.7207792401313782
0.6753246784210205
0.7597402334213257
+++++++++++++++++++++++Generation 1+++++++++++++++++++++++
0.7337662577629089
0.7272727489471436
0.7077922224998474
0.7727272510528564
0.7922077775001526
0.7467532753944397
0.6818181872367859
0.7662337422370911
0.7597402334213257
0.7792207598686218
0.7467532753944397
0.7662337422370911
0.7337662577629089
0.6818181872367859
0.7597402334213257
+++++++++++++++++++++++Generation 2+++++++++++++++++++++++
0.7597402334213257
0.7467532753944397
0.7077922224998474
0.7727272510528564
0.7922077775001526
0.7597402334213257
0.7597402334213257
0.7662337422370911
0.7597402334213257
0.7792207598686218
0.7467532753944397
0.7662337422370911
0.7337662577629089
0.7467532753944397
0.7597402334213257
+++++++++++++++++++++++Generation 3+++++++++++++++++++++++
0.7597402334213257
0.7467532753944397
0.7532467246055603
0.7857142686843872
0.7922077775001526
0.7597402334213257
0.7597402334213257
0.7662337422370911
0.7597402334213257
0.7792207598686218
0.7532467246055603
0.7662337422370911
0.8181818127632141
0.7467532753944397
0.7597402334213257
+++++++++++++++++++++++Generation 0+++++++++++++++++++++++
0.7272727489471436
0.7207792401313782
0.7337662577629089
0.701298713684082
0.7337662577629089
0.7272727489471436
0.6948052048683167
0.7467532753944397
0.7597402334213257
0.7532467246055603
0.7272727489471436
0.7597402334213257
0.7662337422370911
0.7337662577629089
0.7402597665786743
+++++++++++++++++++++++Generation 1+++++++++++++++++++++++
0.7467532753944397
0.7467532753944397
0.7337662577629089
0.7792207598686218
0.7337662577629089
0.7272727489471436
0.7077922224998474
0.7467532753944397
0.7857142686843872
0.7532467246055603
0.7532467246055603
0.7597402334213257
0.7662337422370911
0.7337662577629089
0.7402597665786743
+++++++++++++++++++++++Generation 2+++++++++++++++++++++++
0.7467532753944397
0.7727272510528564
0.7337662577629089
0.7792207598686218
0.7337662577629089
0.7792207598686218
0.7207792401313782
0.7467532753944397
0.7857142686843872
0.7597402334213257
0.7532467246055603
0.7597402334213257
0.7662337422370911
0.7337662577629089
0.7402597665786743
+++++++++++++++++++++++Generation 3+++++++++++++++++++++++
0.7727272510528564
0.7727272510528564
0.7727272510528564
0.7792207598686218
0.7337662577629089
0.7792207598686218
0.7207792401313782
0.7467532753944397
0.7857142686843872
0.7597402334213257
0.7532467246055603
0.7597402334213257
0.7662337422370911
0.7597402334213257
0.7402597665786743
+++++++++++++++++++++++Generation 0+++++++++++++++++++++++
0.7532467246055603
0.7142857313156128
0.6688311696052551
0.7467532753944397
0.7272727489471436
0.6428571343421936
0.7272727489471436
0.701298713684082
0.7467532753944397
0.6558441519737244
0.7532467246055603
0.7662337422370911
0.7662337422370911
0.7727272510528564
0.7792207598686218
+++++++++++++++++++++++Generation 1+++++++++++++++++++++++
0.7532467246055603
0.7597402334213257
0.6818181872367859
0.7467532753944397
0.7922077775001526
0.7597402334213257
0.7467532753944397
0.701298713684082
0.7532467246055603
0.7532467246055603
0.7662337422370911
0.7662337422370911
0.7662337422370911
0.7727272510528564
0.7792207598686218
+++++++++++++++++++++++Generation 2+++++++++++++++++++++++
0.7857142686843872
0.7597402334213257
0.6948052048683167
0.7467532753944397
0.7922077775001526
0.7662337422370911
0.7467532753944397
0.701298713684082
0.7532467246055603
0.7532467246055603
0.7662337422370911
0.7662337422370911
0.7662337422370911
0.7727272510528564
0.7792207598686218
+++++++++++++++++++++++Generation 3+++++++++++++++++++++++
0.7857142686843872
0.7597402334213257
0.7142857313156128
0.7467532753944397
0.7922077775001526
0.7662337422370911
0.7532467246055603
0.7727272510528564
0.7532467246055603
0.7532467246055603
0.7662337422370911
0.7727272510528564
0.7662337422370911
0.7727272510528564
0.7792207598686218
+++++++++++++++++++++++Generation 0+++++++++++++++++++++++
0.7532467246055603
0.7662337422370911
0.7272727489471436
0.7337662577629089
0.7532467246055603
0.7922077775001526
0.7402597665786743
0.6818181872367859
0.7337662577629089
0.7207792401313782
0.6688311696052551
0.7597402334213257
0.7272727489471436
0.7402597665786743
0.7402597665786743
+++++++++++++++++++++++Generation 1+++++++++++++++++++++++
0.7532467246055603
0.7727272510528564
0.7272727489471436
0.7337662577629089
0.7532467246055603
0.7922077775001526
0.7727272510528564
0.7597402334213257
0.7532467246055603
0.798701286315918
0.7402597665786743
0.7922077775001526
0.7272727489471436
0.7597402334213257
0.7402597665786743
+++++++++++++++++++++++Generation 2+++++++++++++++++++++++
0.7532467246055603
0.7727272510528564
0.7272727489471436
0.7337662577629089
0.7532467246055603
0.7922077775001526
0.7727272510528564
0.7922077775001526
0.7532467246055603
0.798701286315918
0.7467532753944397
0.7922077775001526
0.7337662577629089
0.7597402334213257
0.7662337422370911
+++++++++++++++++++++++Generation 3+++++++++++++++++++++++
0.7532467246055603
0.7727272510528564
0.7272727489471436
0.7337662577629089
0.7532467246055603
0.7922077775001526
0.7727272510528564
0.7922077775001526
0.7922077775001526
0.798701286315918
0.7467532753944397
0.798701286315918
0.7337662577629089
0.7857142686843872
0.7662337422370911
