+++++++++++++++++++++++Generation 0+++++++++++++++++++++++
0.7532467246055603
0.7532467246055603
0.7077922224998474
0.7727272510528564
0.7597402334213257
0.6818181872367859
0.7662337422370911
0.7857142686843872
0.7597402334213257
0.6948052048683167
0.7792207598686218
0.7727272510528564
+++++++++++++++++++++++Generation 1+++++++++++++++++++++++
0.7402597665786743
0.7727272510528564
0.7402597665786743
0.7207792401313782
0.7467532753944397
0.6428571343421936
0.7467532753944397
0.7662337422370911
0.7727272510528564
0.7597402334213257
0.7142857313156128
0.7337662577629089
+++++++++++++++++++++++Generation 2+++++++++++++++++++++++
0.7337662577629089
0.6883116960525513
0.6883116960525513
0.6688311696052551
0.7857142686843872
0.7662337422370911
0.7467532753944397
0.7922077775001526
0.7272727489471436
0.7857142686843872
0.6428571343421936
0.7337662577629089
+++++++++++++++++++++++Generation 0+++++++++++++++++++++++
0.7077922224998474
0.6883116960525513
0.7857142686843872
0.7337662577629089
0.7272727489471436
0.7727272510528564
0.649350643157959
0.8116883039474487
0.7077922224998474
0.7337662577629089
0.7337662577629089
0.6688311696052551
0.7467532753944397
0.6948052048683167
0.7597402334213257
0.701298713684082
0.7857142686843872
0.7467532753944397
0.7532467246055603
0.798701286315918
0.701298713684082
0.6818181872367859
0.6883116960525513
0.7532467246055603
0.7207792401313782
0.7597402334213257
0.7467532753944397
0.6818181872367859
0.7402597665786743
0.7727272510528564
0.7922077775001526
0.6948052048683167
0.6558441519737244
0.7792207598686218
0.6688311696052551
0.7272727489471436
0.7337662577629089
0.7727272510528564
0.6818181872367859
0.6883116960525513
0.7467532753944397
0.7727272510528564
0.7402597665786743
0.7467532753944397
0.3181818127632141
0.7727272510528564
0.6558441519737244
0.7792207598686218
0.6948052048683167
0.7922077775001526
0.6883116960525513
0.7792207598686218
0.350649356842041
0.7337662577629089
0.6623376607894897
0.7792207598686218
0.7532467246055603
0.6883116960525513
0.7272727489471436
0.7597402334213257
0.7532467246055603
0.7662337422370911
0.7792207598686218
0.7207792401313782
0.7727272510528564
0.7792207598686218
0.7402597665786743
0.7727272510528564
0.7662337422370911
0.7467532753944397
0.7402597665786743
0.7597402334213257
0.6428571343421936
0.7727272510528564
0.7402597665786743
0.7727272510528564
0.7467532753944397
0.7467532753944397
0.5909090638160706
0.7857142686843872
0.7727272510528564
0.7467532753944397
0.7532467246055603
0.7467532753944397
0.6558441519737244
0.7272727489471436
0.7792207598686218
0.7727272510528564
0.7142857313156128
0.7792207598686218
0.6428571343421936
0.7727272510528564
0.701298713684082
0.7467532753944397
0.7467532753944397
0.7662337422370911
0.7077922224998474
0.6103895902633667
0.6428571343421936
0.7857142686843872
+++++++++++++++++++++++Generation 1+++++++++++++++++++++++
0.7662337422370911
0.7467532753944397
0.7402597665786743
0.7207792401313782
0.7662337422370911
0.701298713684082
0.7857142686843872
0.7597402334213257
0.6168830990791321
0.7597402334213257
0.7597402334213257
0.7532467246055603
0.7272727489471436
0.7532467246055603
0.7142857313156128
0.7727272510528564
0.7662337422370911
0.7532467246055603
0.7207792401313782
0.7792207598686218
0.7597402334213257
0.6558441519737244
0.7207792401313782
0.6948052048683167
0.7402597665786743
0.6623376607894897
0.7727272510528564
0.7532467246055603
0.7402597665786743
0.7727272510528564
0.7402597665786743
0.6168830990791321
0.7857142686843872
0.7922077775001526
0.6558441519737244
0.6818181872367859
0.7662337422370911
0.6623376607894897
0.7597402334213257
0.7077922224998474
0.7337662577629089
0.7402597665786743
0.7727272510528564
0.7597402334213257
0.7337662577629089
0.7467532753944397
0.7727272510528564
0.7272727489471436
0.7467532753944397
0.7337662577629089
0.7727272510528564
0.7727272510528564
+++++++++++++++++++++++Generation 0+++++++++++++++++++++++
+++++++++++++++++++++++Generation 0+++++++++++++++++++++++
0.6753246784210205
0.7402597665786743
0.7662337422370911
0.7207792401313782
0.7922077775001526
0.7337662577629089
0.7597402334213257
0.7077922224998474
0.7727272510528564
0.6818181872367859
0.7207792401313782
0.7597402334213257
+++++++++++++++++++++++Generation 1+++++++++++++++++++++++
0.7597402334213257
0.8051947951316833
0.7402597665786743
0.7077922224998474
0.6818181872367859
0.6948052048683167
0.7142857313156128
0.7532467246055603
0.701298713684082
0.7727272510528564
0.701298713684082
0.6883116960525513
+++++++++++++++++++++++Generation 2+++++++++++++++++++++++
0.7272727489471436
0.7207792401313782
0.7532467246055603
0.7467532753944397
0.7077922224998474
0.7467532753944397
0.701298713684082
0.7337662577629089
0.6948052048683167
0.7337662577629089
0.7337662577629089
+++++++++++++++++++++++Generation 0+++++++++++++++++++++++
0.7662337422370911
0.7142857313156128
0.7532467246055603
0.7597402334213257
0.7467532753944397
0.7532467246055603
0.7077922224998474
0.7792207598686218
0.7532467246055603
0.7532467246055603
0.6688311696052551
0.7402597665786743
+++++++++++++++++++++++Generation 1+++++++++++++++++++++++
0.7467532753944397
0.7467532753944397
0.7272727489471436
0.7337662577629089
0.7337662577629089
0.7402597665786743
0.7727272510528564
0.7597402334213257
0.7532467246055603
0.7337662577629089
0.7597402334213257
0.8116883039474487
+++++++++++++++++++++++Generation 2+++++++++++++++++++++++
0.7597402334213257
0.7207792401313782
0.7272727489471436
0.7597402334213257
0.7727272510528564
0.7142857313156128
0.7857142686843872
0.7727272510528564
0.7662337422370911
0.7597402334213257
0.7402597665786743
0.7857142686843872
+++++++++++++++++++++++Generation 0+++++++++++++++++++++++
0.7337662577629089
0.6883116960525513
0.6623376607894897
0.7662337422370911
0.8116883039474487
0.6818181872367859
0.7467532753944397
0.7402597665786743
0.7077922224998474
0.6363636255264282
0.3571428656578064
0.7402597665786743
+++++++++++++++++++++++Generation 1+++++++++++++++++++++++
0.7662337422370911
0.7532467246055603
0.7467532753944397
0.7337662577629089
0.7402597665786743
0.7727272510528564
0.7337662577629089
0.6883116960525513
0.7402597665786743
0.7077922224998474
0.7402597665786743
0.7532467246055603
+++++++++++++++++++++++Generation 2+++++++++++++++++++++++
0.6753246784210205
0.7077922224998474
0.7532467246055603
0.798701286315918
0.7467532753944397
0.7597402334213257
0.7142857313156128
0.7727272510528564
0.7662337422370911
0.7597402334213257
0.7207792401313782
0.7467532753944397
+++++++++++++++++++++++Generation 0+++++++++++++++++++++++
0.7467532753944397
0.7467532753944397
0.7792207598686218
0.7467532753944397
0.7662337422370911
0.7597402334213257
0.7467532753944397
0.7662337422370911
0.6428571343421936
0.701298713684082
0.7207792401313782
0.7467532753944397
+++++++++++++++++++++++Generation 1+++++++++++++++++++++++
0.7792207598686218
0.701298713684082
0.7272727489471436
0.7857142686843872
0.7272727489471436
0.7727272510528564
0.7532467246055603
0.7532467246055603
0.7272727489471436
0.701298713684082
0.7337662577629089
0.7922077775001526
+++++++++++++++++++++++Generation 2+++++++++++++++++++++++
0.7922077775001526
0.7337662577629089
0.7467532753944397
0.7337662577629089
0.7272727489471436
0.701298713684082
0.7597402334213257
0.7467532753944397
0.7532467246055603
0.7532467246055603
0.7207792401313782
0.6363636255264282
+++++++++++++++++++++++Generation 0+++++++++++++++++++++++
+++++++++++++++++++++++Generation 0+++++++++++++++++++++++
0.7207792401313782
0.7207792401313782
0.701298713684082
0.7337662577629089
0.31168830394744873
0.6818181872367859
0.7337662577629089
0.7337662577629089
0.7597402334213257
0.7532467246055603
0.7857142686843872
0.7272727489471436
+++++++++++++++++++++++Generation 1+++++++++++++++++++++++
0.7727272510528564
0.7597402334213257
0.6948052048683167
0.649350643157959
0.7597402334213257
0.7337662577629089
0.7727272510528564
0.6558441519737244
0.3571428656578064
0.7532467246055603
0.7337662577629089
0.7337662577629089
+++++++++++++++++++++++Generation 2+++++++++++++++++++++++
0.6623376607894897
0.7597402334213257
0.7337662577629089
0.7207792401313782
0.6428571343421936
0.7467532753944397
0.7337662577629089
0.6688311696052551
0.7662337422370911
0.7532467246055603
0.7207792401313782
0.7532467246055603
+++++++++++++++++++++++Generation 0+++++++++++++++++++++++
0.7272727489471436
0.6948052048683167
0.7467532753944397
0.6623376607894897
0.7207792401313782
0.7597402334213257
0.649350643157959
0.7727272510528564
0.7077922224998474
0.7662337422370911
0.3571428656578064
0.7727272510528564
0.7467532753944397
0.7467532753944397
0.7207792401313782
0.701298713684082
0.7727272510528564
0.7727272510528564
0.7532467246055603
0.6818181872367859
+++++++++++++++++++++++Generation 1+++++++++++++++++++++++
0.7597402334213257
0.7662337422370911
0.7272727489471436
0.7467532753944397
0.7207792401313782
0.6818181872367859
0.7337662577629089
0.7597402334213257
0.7597402334213257
0.6623376607894897
0.6818181872367859
0.6688311696052551
0.7402597665786743
0.6623376607894897
0.7142857313156128
0.7272727489471436
0.7077922224998474
0.7922077775001526
0.701298713684082
0.7337662577629089
+++++++++++++++++++++++Generation 2+++++++++++++++++++++++
0.6818181872367859
0.7402597665786743
0.7272727489471436
0.7792207598686218
0.7272727489471436
0.7077922224998474
0.7597402334213257
0.7662337422370911
0.7402597665786743
0.701298713684082
0.7077922224998474
0.7272727489471436
0.7662337422370911
0.6428571343421936
0.7402597665786743
0.7207792401313782
0.7402597665786743
0.7337662577629089
0.7532467246055603
0.701298713684082
+++++++++++++++++++++++Generation 0+++++++++++++++++++++++
0.7142857313156128
0.7142857313156128
0.7207792401313782
0.7142857313156128
0.7597402334213257
0.6948052048683167
0.6883116960525513
0.701298713684082
0.6688311696052551
0.7662337422370911
0.649350643157959
0.7857142686843872
+++++++++++++++++++++++Generation 1+++++++++++++++++++++++
0.7077922224998474
0.7597402334213257
0.7272727489471436
0.7402597665786743
0.7857142686843872
0.7402597665786743
0.7597402334213257
0.7207792401313782
0.7402597665786743
0.7467532753944397
0.7402597665786743
0.7532467246055603
+++++++++++++++++++++++Generation 2+++++++++++++++++++++++
0.7662337422370911
0.7662337422370911
0.7597402334213257
0.7662337422370911
0.6883116960525513
0.7142857313156128
0.7922077775001526
0.7272727489471436
0.7922077775001526
0.7727272510528564
0.7207792401313782
0.7597402334213257
+++++++++++++++++++++++Generation 0+++++++++++++++++++++++
0.7142857313156128
0.7857142686843872
0.7337662577629089
0.7532467246055603
0.7597402334213257
0.7727272510528564
0.701298713684082
0.7597402334213257
0.7272727489471436
0.6428571343421936
0.7662337422370911
0.7272727489471436
+++++++++++++++++++++++Generation 1+++++++++++++++++++++++
0.6948052048683167
0.7532467246055603
0.7727272510528564
0.7792207598686218
0.7857142686843872
0.7532467246055603
0.7402597665786743
0.7272727489471436
0.7467532753944397
0.7337662577629089
0.7532467246055603
0.7077922224998474
+++++++++++++++++++++++Generation 2+++++++++++++++++++++++
0.7727272510528564
0.6688311696052551
0.7532467246055603
0.6948052048683167
0.7337662577629089
0.7792207598686218
0.701298713684082
0.3311688303947449
0.7792207598686218
0.7597402334213257
0.701298713684082
0.7142857313156128
+++++++++++++++++++++++Generation 0+++++++++++++++++++++++
0.6428571343421936
0.6883116960525513
0.7402597665786743
0.6688311696052551
0.7207792401313782
0.7467532753944397
0.7597402334213257
0.7272727489471436
0.3571428656578064
0.7402597665786743
0.7402597665786743
0.7337662577629089
+++++++++++++++++++++++Generation 1+++++++++++++++++++++++
0.6948052048683167
0.7597402334213257
0.6688311696052551
0.7857142686843872
0.6818181872367859
0.7597402334213257
0.7207792401313782
0.7402597665786743
0.7597402334213257
0.3571428656578064
0.7597402334213257
0.7597402334213257
+++++++++++++++++++++++Generation 2+++++++++++++++++++++++
0.7532467246055603
0.7532467246055603
0.6818181872367859
0.7142857313156128
0.7337662577629089
0.7727272510528564
0.7662337422370911
0.7402597665786743
0.7727272510528564
0.7402597665786743
0.7337662577629089
0.7272727489471436
+++++++++++++++++++++++Generation 0+++++++++++++++++++++++
0.6948052048683167
0.3571428656578064
0.7272727489471436
0.7337662577629089
0.7467532753944397
0.7857142686843872
0.2922077775001526
0.7662337422370911
0.7467532753944397
0.7597402334213257
0.6948052048683167
0.7597402334213257
+++++++++++++++++++++++Generation 1+++++++++++++++++++++++
0.7792207598686218
0.7142857313156128
0.7142857313156128
0.6948052048683167
0.6558441519737244
0.7272727489471436
0.6753246784210205
0.7532467246055603
0.7597402334213257
0.6428571343421936
0.7597402334213257
0.6818181872367859
+++++++++++++++++++++++Generation 2+++++++++++++++++++++++
0.6883116960525513
0.7142857313156128
0.7337662577629089
0.2922077775001526
0.7467532753944397
0.7077922224998474
0.7077922224998474
0.7532467246055603
0.7792207598686218
0.7467532753944397
0.7532467246055603
0.3571428656578064
+++++++++++++++++++++++Generation 0+++++++++++++++++++++++
0.7792207598686218
0.7662337422370911
0.6883116960525513
0.7792207598686218
0.701298713684082
0.7207792401313782
0.7402597665786743
0.7467532753944397
0.7402597665786743
0.7337662577629089
0.7467532753944397
0.6688311696052551
+++++++++++++++++++++++Generation 1+++++++++++++++++++++++
0.7272727489471436
0.7857142686843872
0.7467532753944397
0.7337662577629089
0.7077922224998474
0.7467532753944397
0.6558441519737244
0.7467532753944397
0.7467532753944397
0.7207792401313782
0.7337662577629089
0.7857142686843872
+++++++++++++++++++++++Generation 2+++++++++++++++++++++++
0.7662337422370911
0.6753246784210205
0.7597402334213257
0.6883116960525513
0.6883116960525513
0.7597402334213257
0.7792207598686218
0.6818181872367859
0.7597402334213257
0.7142857313156128
0.7597402334213257
0.7662337422370911
+++++++++++++++++++++++Generation 0+++++++++++++++++++++++
0.701298713684082
0.7142857313156128
0.7207792401313782
0.7337662577629089
0.7922077775001526
0.6428571343421936
0.7142857313156128
0.3571428656578064
0.6558441519737244
0.7272727489471436
0.7467532753944397
0.7272727489471436
0.3571428656578064
0.7272727489471436
0.7207792401313782
0.701298713684082
0.3571428656578064
0.6948052048683167
0.7662337422370911
0.7597402334213257
0.7727272510528564
0.6428571343421936
0.7077922224998474
0.44155845046043396
0.7792207598686218
0.649350643157959
0.6168830990791321
0.701298713684082
0.6558441519737244
0.7467532753944397
0.701298713684082
0.7922077775001526
+++++++++++++++++++++++Generation 1+++++++++++++++++++++++
0.7337662577629089
0.6688311696052551
0.6883116960525513
0.7727272510528564
0.7662337422370911
0.7077922224998474
0.7272727489471436
0.6558441519737244
0.7207792401313782
0.7402597665786743
0.7272727489471436
0.34415584802627563
0.3571428656578064
0.3571428656578064
0.7337662577629089
0.6753246784210205
0.7077922224998474
0.7597402334213257
0.7792207598686218
0.7727272510528564
0.3571428656578064
0.7142857313156128
0.7402597665786743
0.7402597665786743
0.7402597665786743
0.7402597665786743
0.5974025726318359
0.7337662577629089
0.7337662577629089
0.7532467246055603
0.7142857313156128
0.7662337422370911
+++++++++++++++++++++++Generation 2+++++++++++++++++++++++
0.7467532753944397
0.7597402334213257
0.7337662577629089
0.3571428656578064
0.7402597665786743
0.7857142686843872
0.701298713684082
0.6883116960525513
0.31168830394744873
0.6428571343421936
0.6428571343421936
0.7597402334213257
0.7207792401313782
0.7467532753944397
0.7337662577629089
0.7402597665786743
0.7272727489471436
0.7662337422370911
0.3571428656578064
0.7337662577629089
0.6818181872367859
0.6883116960525513
0.7597402334213257
0.6948052048683167
0.6558441519737244
0.6883116960525513
0.7337662577629089
0.7922077775001526
0.7662337422370911
0.7467532753944397
0.7207792401313782
0.7077922224998474
+++++++++++++++++++++++Generation 0+++++++++++++++++++++++
0.7467532753944397
0.7337662577629089
0.7402597665786743
0.6428571343421936
0.7727272510528564
0.6428571343421936
0.6883116960525513
0.7532467246055603
0.3571428656578064
0.7727272510528564
0.6883116960525513
0.8116883039474487
+++++++++++++++++++++++Generation 1+++++++++++++++++++++++
0.8051947951316833
0.3571428656578064
0.30519479513168335
0.7402597665786743
0.7532467246055603
0.7077922224998474
0.7597402334213257
0.3571428656578064
0.3571428656578064
0.7337662577629089
0.3571428656578064
0.7142857313156128
+++++++++++++++++++++++Generation 2+++++++++++++++++++++++
0.7532467246055603
0.7532467246055603
0.7467532753944397
0.7207792401313782
0.4025973975658417
0.7142857313156128
0.6688311696052551
0.7272727489471436
0.7207792401313782
0.7272727489471436
0.3571428656578064
0.7337662577629089
+++++++++++++++++++++++Generation 0+++++++++++++++++++++++
0.7532467246055603
0.7402597665786743
0.7077922224998474
0.7597402334213257
0.7467532753944397
+++++++++++++++++++++++Generation 0+++++++++++++++++++++++
0.7792207598686218
0.7402597665786743
0.7207792401313782
0.701298713684082
0.7402597665786743
0.7857142686843872
0.7402597665786743
0.6428571343421936
0.7532467246055603
0.7337662577629089
0.6948052048683167
0.7792207598686218
0.7402597665786743
0.7597402334213257
0.7597402334213257
0.7727272510528564
0.7727272510528564
0.7142857313156128
0.6883116960525513
0.7272727489471436
0.7857142686843872
0.7207792401313782
0.7337662577629089
0.7272727489471436
0.701298713684082
0.7857142686843872
0.6428571343421936
0.7727272510528564
0.6428571343421936
0.7857142686843872
0.6363636255264282
0.7272727489471436
0.7922077775001526
0.7727272510528564
0.7402597665786743
0.7402597665786743
0.6688311696052551
0.7662337422370911
0.7337662577629089
0.701298713684082
0.7727272510528564
0.7532467246055603
0.7337662577629089
0.7532467246055603
0.6688311696052551
0.7662337422370911
0.6818181872367859
0.7337662577629089
0.7467532753944397
0.7207792401313782
0.7922077775001526
0.7532467246055603
0.7532467246055603
0.7597402334213257
0.7467532753944397
0.7857142686843872
0.7207792401313782
0.3246753215789795
0.7272727489471436
0.7532467246055603
0.7337662577629089
0.6883116960525513
0.6428571343421936
0.7532467246055603
0.7272727489471436
0.7402597665786743
0.7857142686843872
0.7597402334213257
0.7467532753944397
0.7337662577629089
0.7532467246055603
0.7467532753944397
0.7402597665786743
0.7142857313156128
0.7337662577629089
0.7662337422370911
0.6818181872367859
0.7532467246055603
0.6883116960525513
0.7402597665786743
0.7467532753944397
0.798701286315918
0.7142857313156128
0.7597402334213257
0.701298713684082
0.7597402334213257
0.7207792401313782
0.7207792401313782
0.6428571343421936
0.7532467246055603
0.6948052048683167
0.7337662577629089
0.6558441519737244
0.7467532753944397
0.7207792401313782
0.7337662577629089
0.6623376607894897
0.7532467246055603
0.7272727489471436
0.7207792401313782
+++++++++++++++++++++++Generation 0+++++++++++++++++++++++
0.7207792401313782
0.5909090638160706
0.701298713684082
0.6753246784210205
0.7467532753944397
0.7402597665786743
+++++++++++++++++++++++Generation 1+++++++++++++++++++++++
0.3571428656578064
0.701298713684082
0.7727272510528564
0.7077922224998474
0.7532467246055603
0.3571428656578064
+++++++++++++++++++++++Generation 2+++++++++++++++++++++++
0.7597402334213257
0.7337662577629089
0.7272727489471436
0.6168830990791321
0.701298713684082
0.7597402334213257
+++++++++++++++++++++++Generation 0+++++++++++++++++++++++
0.7597402334213257
0.6818181872367859
0.7272727489471436
0.6428571343421936
0.6428571343421936
0.7597402334213257
0.649350643157959
0.6623376607894897
0.701298713684082
0.6623376607894897
+++++++++++++++++++++++Generation 1+++++++++++++++++++++++
0.7727272510528564
0.7532467246055603
0.6233766078948975
0.6363636255264282
0.7857142686843872
0.7142857313156128
0.7402597665786743
0.7337662577629089
0.7077922224998474
0.7662337422370911
+++++++++++++++++++++++Generation 2+++++++++++++++++++++++
0.6233766078948975
0.34415584802627563
0.701298713684082
0.7662337422370911
0.6428571343421936
0.3181818127632141
0.6428571343421936
0.6558441519737244
0.6428571343421936
0.3571428656578064
+++++++++++++++++++++++Generation 0+++++++++++++++++++++++
0.6233766078948975
0.3571428656578064
0.30519479513168335
0.6428571343421936
0.31168830394744873
0.6428571343421936
0.6558441519737244
0.7142857313156128
0.6428571343421936
0.6428571343421936
0.6428571343421936
0.3571428656578064
+++++++++++++++++++++++Generation 1+++++++++++++++++++++++
0.3571428656578064
0.649350643157959
0.350649356842041
0.7077922224998474
0.6428571343421936
0.6428571343421936
0.6428571343421936
0.6428571343421936
0.6428571343421936
0.6428571343421936
0.7077922224998474
0.6428571343421936
+++++++++++++++++++++++Generation 2+++++++++++++++++++++++
0.7792207598686218
0.6428571343421936
0.6428571343421936
0.6428571343421936
0.3571428656578064
0.31168830394744873
0.3571428656578064
0.6428571343421936
0.6428571343421936
0.3571428656578064
0.3246753215789795
0.3571428656578064
+++++++++++++++++++++++Generation 3+++++++++++++++++++++++
0.3571428656578064
0.31168830394744873
0.6428571343421936
0.6428571343421936
0.6428571343421936
0.7922077775001526
0.3571428656578064
0.6948052048683167
0.3571428656578064
0.6428571343421936
0.6428571343421936
0.2922077775001526
+++++++++++++++++++++++Generation 4+++++++++++++++++++++++
0.3571428656578064
0.6428571343421936
0.3571428656578064
0.3571428656578064
0.3571428656578064
0.6428571343421936
0.6428571343421936
0.6688311696052551
0.6428571343421936
0.649350643157959
0.6428571343421936
0.7467532753944397
+++++++++++++++++++++++Generation 5+++++++++++++++++++++++
0.6428571343421936
0.6428571343421936
0.3571428656578064
0.6428571343421936
0.3571428656578064
0.6428571343421936
0.6428571343421936
0.6428571343421936
0.3571428656578064
0.3571428656578064
0.3571428656578064
0.3571428656578064
+++++++++++++++++++++++Generation 6+++++++++++++++++++++++
0.3571428656578064
0.3571428656578064
0.3571428656578064
0.6428571343421936
0.6428571343421936
0.3571428656578064
0.30519479513168335
0.6428571343421936
0.6428571343421936
0.6428571343421936
0.3571428656578064
0.6428571343421936
+++++++++++++++++++++++Generation 7+++++++++++++++++++++++
0.3571428656578064
0.6428571343421936
0.3571428656578064
0.6428571343421936
0.31168830394744873
0.3571428656578064
0.6428571343421936
0.6428571343421936
0.6428571343421936
0.3571428656578064
0.3571428656578064
0.6428571343421936
+++++++++++++++++++++++Generation 8+++++++++++++++++++++++
0.6428571343421936
0.3571428656578064
0.3571428656578064
0.3571428656578064
0.3571428656578064
0.6428571343421936
0.3571428656578064
0.6428571343421936
0.6428571343421936
0.3571428656578064
0.6428571343421936
0.3571428656578064
+++++++++++++++++++++++Generation 9+++++++++++++++++++++++
0.6948052048683167
0.6428571343421936
0.6428571343421936
0.3571428656578064
0.6428571343421936
0.3571428656578064
0.6428571343421936
0.3571428656578064
0.6428571343421936
0.7077922224998474
0.6428571343421936
0.6428571343421936
+++++++++++++++++++++++Generation 10+++++++++++++++++++++++
0.6428571343421936
0.6428571343421936
0.6428571343421936
0.6428571343421936
0.3571428656578064
0.6428571343421936
0.3571428656578064
0.6428571343421936
0.2857142984867096
0.31168830394744873
0.6428571343421936
0.6428571343421936
+++++++++++++++++++++++Generation 11+++++++++++++++++++++++
0.6428571343421936
0.6428571343421936
0.3571428656578064
0.3571428656578064
0.3571428656578064
0.6428571343421936
0.6428571343421936
0.6428571343421936
0.6428571343421936
0.3181818127632141
0.6428571343421936
0.6428571343421936
+++++++++++++++++++++++Generation 0+++++++++++++++++++++++
0.7532467246055603
0.7467532753944397
0.7337662577629089
0.7077922224998474
0.7662337422370911
0.6428571343421936
0.7597402334213257
0.7727272510528564
0.6818181872367859
0.6883116960525513
0.7272727489471436
0.6428571343421936
+++++++++++++++++++++++Generation 1+++++++++++++++++++++++
0.7272727489471436
0.7597402334213257
0.7272727489471436
0.7402597665786743
0.7532467246055603
0.7337662577629089
0.7727272510528564
0.7727272510528564
0.7662337422370911
0.7532467246055603
0.7857142686843872
0.7272727489471436
+++++++++++++++++++++++Generation 2+++++++++++++++++++++++
0.701298713684082
0.7857142686843872
0.7467532753944397
0.7792207598686218
0.7727272510528564
0.7142857313156128
0.6818181872367859
0.7467532753944397
0.7077922224998474
0.7727272510528564
0.7207792401313782
0.7142857313156128
+++++++++++++++++++++++Generation 0+++++++++++++++++++++++
0.6883116960525513
0.7207792401313782
0.7142857313156128
0.7207792401313782
0.7467532753944397
0.7337662577629089
0.3571428656578064
0.2922077775001526
0.7402597665786743
0.7597402334213257
0.701298713684082
0.7077922224998474
+++++++++++++++++++++++Generation 1+++++++++++++++++++++++
0.7467532753944397
0.7272727489471436
0.7532467246055603
0.3571428656578064
0.6818181872367859
0.7272727489471436
0.7077922224998474
0.7142857313156128
0.6428571343421936
0.7337662577629089
0.7857142686843872
0.7402597665786743
+++++++++++++++++++++++Generation 2+++++++++++++++++++++++
0.6818181872367859
0.3571428656578064
0.7207792401313782
0.6883116960525513
0.7662337422370911
+++++++++++++++++++++++Generation 0+++++++++++++++++++++++
0.6428571343421936
0.3571428656578064
0.7662337422370911
0.6818181872367859
0.7142857313156128
0.6428571343421936
0.7662337422370911
0.798701286315918
0.7207792401313782
0.7532467246055603
0.6428571343421936
0.6428571343421936
+++++++++++++++++++++++Generation 1+++++++++++++++++++++++
0.3571428656578064
0.6428571343421936
0.7207792401313782
0.31168830394744873
0.3571428656578064
0.798701286315918
0.6428571343421936
0.6363636255264282
0.3571428656578064
0.3571428656578064
0.6428571343421936
0.7272727489471436
+++++++++++++++++++++++Generation 2+++++++++++++++++++++++
0.7337662577629089
0.3571428656578064
0.6428571343421936
0.3571428656578064
0.7662337422370911
0.6428571343421936
0.6363636255264282
0.3571428656578064
0.3571428656578064
0.6428571343421936
0.6753246784210205
0.3571428656578064
+++++++++++++++++++++++Generation 0+++++++++++++++++++++++
0.3571428656578064
0.649350643157959
0.3571428656578064
0.7597402334213257
0.7207792401313782
+++++++++++++++++++++++Generation 1+++++++++++++++++++++++
0.6883116960525513
0.7142857313156128
0.7142857313156128
0.6428571343421936
0.3571428656578064
+++++++++++++++++++++++Generation 2+++++++++++++++++++++++
0.3571428656578064
0.6558441519737244
0.30519479513168335
0.3571428656578064
0.7727272510528564
+++++++++++++++++++++++Generation 0+++++++++++++++++++++++
0.6753246784210205
0.7792207598686218
0.7272727489471436
0.7857142686843872
0.7207792401313782
0.7467532753944397
0.7077922224998474
0.7662337422370911
0.7467532753944397
0.7467532753944397
+++++++++++++++++++++++Generation 1+++++++++++++++++++++++
0.7272727489471436
0.7272727489471436
0.7402597665786743
0.6818181872367859
0.7142857313156128
0.7727272510528564
0.6688311696052551
0.7142857313156128
0.7467532753944397
0.6818181872367859
+++++++++++++++++++++++Generation 2+++++++++++++++++++++++
0.3571428656578064
0.7662337422370911
0.7727272510528564
0.7337662577629089
0.7402597665786743
0.6818181872367859
0.6753246784210205
0.6948052048683167
0.7272727489471436
0.3571428656578064
+++++++++++++++++++++++Generation 0+++++++++++++++++++++++
0.27272728085517883
0.7402597665786743
0.7467532753944397
0.6428571343421936
0.6428571343421936
0.3571428656578064
0.6428571343421936
0.3571428656578064
0.6428571343421936
0.6428571343421936
+++++++++++++++++++++++Generation 1+++++++++++++++++++++++
0.6883116960525513
0.6428571343421936
0.3571428656578064
0.7467532753944397
0.5649350881576538
0.3571428656578064
0.6428571343421936
0.6428571343421936
0.7532467246055603
0.6558441519737244
+++++++++++++++++++++++Generation 2+++++++++++++++++++++++
0.7922077775001526
0.3571428656578064
0.6428571343421936
0.6883116960525513
0.7337662577629089
0.7532467246055603
0.7792207598686218
0.3571428656578064
0.7337662577629089
0.6688311696052551
+++++++++++++++++++++++Generation 0+++++++++++++++++++++++
0.6428571343421936
0.6818181872367859
0.3571428656578064
0.6428571343421936
0.7077922224998474
0.6883116960525513
0.6818181872367859
0.3181818127632141
0.7792207598686218
0.3571428656578064
+++++++++++++++++++++++Generation 1+++++++++++++++++++++++
0.3571428656578064
0.7077922224998474
0.5779221057891846
0.6688311696052551
+++++++++++++++++++++++Generation 0+++++++++++++++++++++++
0.3571428656578064
0.6428571343421936
0.6428571343421936
0.3571428656578064
0.7402597665786743
0.3571428656578064
0.6753246784210205
0.3571428656578064
0.6103895902633667
0.7402597665786743
+++++++++++++++++++++++Generation 1+++++++++++++++++++++++
0.6428571343421936
0.3571428656578064
0.6428571343421936
0.7207792401313782
0.2922077775001526
0.6428571343421936
0.7077922224998474
0.7597402334213257
0.6883116960525513
0.7532467246055603
+++++++++++++++++++++++Generation 2+++++++++++++++++++++++
0.7142857313156128
0.649350643157959
0.6428571343421936
0.7467532753944397
0.6233766078948975
0.6428571343421936
0.7142857313156128
0.7077922224998474
0.6948052048683167
0.3571428656578064
+++++++++++++++++++++++Generation 0+++++++++++++++++++++++
0.7207792401313782
0.6753246784210205
0.3571428656578064
0.3571428656578064
0.7402597665786743
0.3571428656578064
0.7662337422370911
0.6428571343421936
0.6428571343421936
0.4935064911842346
+++++++++++++++++++++++Generation 1+++++++++++++++++++++++
0.3571428656578064
0.6428571343421936
0.7662337422370911
0.3571428656578064
0.6428571343421936
0.701298713684082
0.7467532753944397
0.6428571343421936
0.6428571343421936
0.3571428656578064
+++++++++++++++++++++++Generation 2+++++++++++++++++++++++
0.7077922224998474
0.7597402334213257
0.3181818127632141
0.6428571343421936
0.6428571343421936
0.7207792401313782
0.7467532753944397
0.7792207598686218
0.7272727489471436
0.649350643157959
+++++++++++++++++++++++Generation 0+++++++++++++++++++++++
0.7337662577629089
0.7792207598686218
0.7337662577629089
0.7272727489471436
0.6948052048683167
0.7662337422370911
0.7272727489471436
0.7662337422370911
0.7597402334213257
0.7597402334213257
+++++++++++++++++++++++Generation 1+++++++++++++++++++++++
0.7857142686843872
0.7727272510528564
0.6948052048683167
0.7597402334213257
0.701298713684082
0.7337662577629089
0.7077922224998474
0.7402597665786743
0.7272727489471436
0.7142857313156128
+++++++++++++++++++++++Generation 2+++++++++++++++++++++++
0.7597402334213257
0.7922077775001526
0.7402597665786743
0.7207792401313782
0.7207792401313782
0.701298713684082
0.7662337422370911
0.6428571343421936
0.7597402334213257
0.7207792401313782
+++++++++++++++++++++++Generation 0+++++++++++++++++++++++
0.6948052048683167
0.7532467246055603
0.7597402334213257
0.7272727489471436
0.6883116960525513
0.7857142686843872
0.7662337422370911
0.7597402334213257
0.6948052048683167
0.6883116960525513
+++++++++++++++++++++++Generation 1+++++++++++++++++++++++
0.7337662577629089
0.7922077775001526
0.8051947951316833
0.7077922224998474
0.7532467246055603
0.7402597665786743
0.7597402334213257
0.7532467246055603
0.7597402334213257
0.8181818127632141
+++++++++++++++++++++++Generation 2+++++++++++++++++++++++
0.7207792401313782
0.7337662577629089
0.7142857313156128
0.7467532753944397
0.7792207598686218
0.7662337422370911
0.701298713684082
0.6948052048683167
0.7597402334213257
0.7532467246055603
+++++++++++++++++++++++Generation 0+++++++++++++++++++++++
0.7792207598686218
0.7662337422370911
0.7532467246055603
0.6103895902633667
0.6948052048683167
0.7727272510528564
0.7467532753944397
0.7467532753944397
0.7727272510528564
0.7467532753944397
+++++++++++++++++++++++Generation 1+++++++++++++++++++++++
0.7597402334213257
0.7207792401313782
0.7532467246055603
0.6753246784210205
0.7402597665786743
0.701298713684082
0.7597402334213257
0.7272727489471436
0.7792207598686218
0.7727272510528564
+++++++++++++++++++++++Generation 2+++++++++++++++++++++++
0.7272727489471436
0.7142857313156128
0.7727272510528564
0.7272727489471436
0.7077922224998474
0.7142857313156128
0.7142857313156128
0.7467532753944397
0.7532467246055603
0.7337662577629089
+++++++++++++++++++++++Generation 0+++++++++++++++++++++++
+++++++++++++++++++++++Generation 0+++++++++++++++++++++++
0.7727272510528564
0.7142857313156128
0.7272727489471436
0.7857142686843872
+++++++++++++++++++++++Generation 1+++++++++++++++++++++++
0.7402597665786743
0.7467532753944397
0.7467532753944397
0.7792207598686218
+++++++++++++++++++++++Generation 2+++++++++++++++++++++++
0.8051947951316833
0.7467532753944397
0.7597402334213257
0.701298713684082
+++++++++++++++++++++++Generation 0+++++++++++++++++++++++
0.7402597665786743
0.7272727489471436
0.3571428656578064
0.7467532753944397
0.7337662577629089
0.7402597665786743
0.7402597665786743
0.7207792401313782
0.7077922224998474
0.7662337422370911
+++++++++++++++++++++++Generation 1+++++++++++++++++++++++
0.7402597665786743
0.6883116960525513
0.7207792401313782
0.701298713684082
0.7792207598686218
0.7857142686843872
0.6948052048683167
0.6883116960525513
0.7532467246055603
0.6688311696052551
+++++++++++++++++++++++Generation 2+++++++++++++++++++++++
0.7207792401313782
0.6428571343421936
0.7597402334213257
0.7077922224998474
0.7402597665786743
0.7402597665786743
0.7402597665786743
0.7142857313156128
0.6948052048683167
0.7142857313156128
+++++++++++++++++++++++Generation 0+++++++++++++++++++++++
0.7467532753944397
0.7272727489471436
0.6233766078948975
0.6428571343421936
+++++++++++++++++++++++Generation 1+++++++++++++++++++++++
0.7467532753944397
0.6753246784210205
0.7077922224998474
0.7792207598686218
+++++++++++++++++++++++Generation 0+++++++++++++++++++++++
0.6818181872367859
0.7337662577629089
0.701298713684082
0.701298713684082
+++++++++++++++++++++++Generation 0+++++++++++++++++++++++
0.6948052048683167
0.6688311696052551
0.7207792401313782
0.3181818127632141
+++++++++++++++++++++++Generation 0+++++++++++++++++++++++
0.7142857313156128
0.7272727489471436
0.6753246784210205
0.7337662577629089
+++++++++++++++++++++++Generation 0+++++++++++++++++++++++
0.7467532753944397
0.7337662577629089
0.6753246784210205
0.6883116960525513
+++++++++++++++++++++++Generation 0+++++++++++++++++++++++
0.7597402334213257
0.7207792401313782
0.7532467246055603
0.7662337422370911
+++++++++++++++++++++++Generation 0+++++++++++++++++++++++
0.7337662577629089
0.7467532753944397
0.6883116960525513
0.7077922224998474
0.7532467246055603
0.7142857313156128
0.7272727489471436
0.7337662577629089
0.6428571343421936
0.7142857313156128
+++++++++++++++++++++++Generation 0+++++++++++++++++++++++
0.7857142686843872
0.649350643157959
0.7922077775001526
0.7207792401313782
0.7402597665786743
0.6883116960525513
0.7142857313156128
0.7532467246055603
0.7532467246055603
0.7142857313156128
+++++++++++++++++++++++Generation 0+++++++++++++++++++++++
0.6363636255264282
0.7272727489471436
0.701298713684082
0.7792207598686218
0.6688311696052551
0.649350643157959
0.6233766078948975
0.7272727489471436
0.7597402334213257
0.7467532753944397
+++++++++++++++++++++++Generation 0+++++++++++++++++++++++
0.701298713684082
0.7662337422370911
0.6168830990791321
0.7532467246055603
+++++++++++++++++++++++Generation 0+++++++++++++++++++++++
0.7532467246055603
0.7207792401313782
0.7337662577629089
0.6948052048683167
+++++++++++++++++++++++Generation 0+++++++++++++++++++++++
0.3571428656578064
0.3571428656578064
0.7142857313156128
0.7207792401313782
+++++++++++++++++++++++Generation 0+++++++++++++++++++++++
0.7727272510528564
0.6428571343421936
0.3571428656578064
0.7402597665786743
+++++++++++++++++++++++Generation 0+++++++++++++++++++++++
0.7532467246055603
0.7467532753944397
0.7077922224998474
0.6428571343421936
+++++++++++++++++++++++Generation 0+++++++++++++++++++++++
0.6948052048683167
0.6818181872367859
0.6753246784210205
0.7207792401313782
+++++++++++++++++++++++Generation 0+++++++++++++++++++++++
0.3571428656578064
0.7727272510528564
0.7467532753944397
0.5974025726318359
+++++++++++++++++++++++Generation 0+++++++++++++++++++++++
0.701298713684082
0.3571428656578064
0.6883116960525513
0.3571428656578064
+++++++++++++++++++++++Generation 0+++++++++++++++++++++++
0.6558441519737244
0.6428571343421936
0.6688311696052551
0.7207792401313782
+++++++++++++++++++++++Generation 0+++++++++++++++++++++++
0.7207792401313782
0.7532467246055603
0.7792207598686218
0.701298713684082
+++++++++++++++++++++++Generation 0+++++++++++++++++++++++
0.6818181872367859
0.6038960814476013
0.6883116960525513
0.649350643157959
+++++++++++++++++++++++Generation 0+++++++++++++++++++++++
0.701298713684082
0.6883116960525513
0.29870128631591797
0.31168830394744873
+++++++++++++++++++++++Generation 0+++++++++++++++++++++++
0.7207792401313782
0.7467532753944397
0.6818181872367859
0.7207792401313782
+++++++++++++++++++++++Generation 0+++++++++++++++++++++++
0.7727272510528564
0.701298713684082
0.7142857313156128
0.7662337422370911
+++++++++++++++++++++++Generation 0+++++++++++++++++++++++
0.6948052048683167
0.7207792401313782
0.7532467246055603
0.6428571343421936
+++++++++++++++++++++++Generation 0+++++++++++++++++++++++
0.6623376607894897
0.7467532753944397
0.6233766078948975
0.6428571343421936
+++++++++++++++++++++++Generation 0+++++++++++++++++++++++
0.649350643157959
0.7207792401313782
0.6883116960525513
0.3636363744735718
+++++++++++++++++++++++Generation 0+++++++++++++++++++++++
0.7727272510528564
0.6623376607894897
0.7402597665786743
0.7207792401313782
0.7207792401313782
0.6428571343421936
0.3636363744735718
0.7402597665786743
0.6883116960525513
0.6883116960525513
+++++++++++++++++++++++Generation 1+++++++++++++++++++++++
0.7207792401313782
0.7597402334213257
0.7337662577629089
0.7532467246055603
0.7142857313156128
0.6753246784210205
0.6883116960525513
0.6818181872367859
0.7727272510528564
0.7922077775001526
+++++++++++++++++++++++Generation 2+++++++++++++++++++++++
0.7142857313156128
0.7467532753944397
0.6753246784210205
0.7077922224998474
0.7272727489471436
0.7272727489471436
0.7467532753944397
0.7402597665786743
0.7467532753944397
0.7597402334213257
+++++++++++++++++++++++Generation 0+++++++++++++++++++++++
0.6883116960525513
0.701298713684082
0.7337662577629089
0.6623376607894897
0.7077922224998474
0.701298713684082
0.6688311696052551
0.7077922224998474
0.7857142686843872
0.6428571343421936
+++++++++++++++++++++++Generation 1+++++++++++++++++++++++
0.7532467246055603
0.3571428656578064
0.7532467246055603
0.7142857313156128
0.7142857313156128
0.5974025726318359
0.34415584802627563
0.3571428656578064
0.7077922224998474
0.7337662577629089
+++++++++++++++++++++++Generation 2+++++++++++++++++++++++
0.38311687111854553
0.3571428656578064
0.34415584802627563
0.7077922224998474
0.7272727489471436
0.649350643157959
0.7727272510528564
0.7857142686843872
0.701298713684082
0.5974025726318359
+++++++++++++++++++++++Generation 0+++++++++++++++++++++++
0.7272727489471436
0.7662337422370911
0.7467532753944397
0.7272727489471436
0.7337662577629089
0.701298713684082
0.6883116960525513
0.7662337422370911
0.7857142686843872
0.6298701167106628
+++++++++++++++++++++++Generation 1+++++++++++++++++++++++
0.7597402334213257
0.7597402334213257
0.7467532753944397
0.7597402334213257
0.7857142686843872
0.7077922224998474
0.7467532753944397
0.7662337422370911
0.7727272510528564
0.7857142686843872
+++++++++++++++++++++++Generation 2+++++++++++++++++++++++
0.7857142686843872
0.7532467246055603
0.7467532753944397
0.7402597665786743
0.7727272510528564
0.7467532753944397
0.6038960814476013
0.7337662577629089
0.7272727489471436
0.7532467246055603
+++++++++++++++++++++++Generation 3+++++++++++++++++++++++
0.7077922224998474
0.6688311696052551
0.7662337422370911
0.7402597665786743
0.7207792401313782
0.7727272510528564
0.7857142686843872
0.7597402334213257
0.7727272510528564
0.7467532753944397
+++++++++++++++++++++++Generation 4+++++++++++++++++++++++
0.7272727489471436
0.7597402334213257
0.7792207598686218
0.7727272510528564
0.7207792401313782
0.7727272510528564
0.7402597665786743
0.7662337422370911
0.649350643157959
0.7207792401313782
+++++++++++++++++++++++Generation 5+++++++++++++++++++++++
0.7792207598686218
0.7402597665786743
0.7662337422370911
0.7532467246055603
0.7467532753944397
0.7272727489471436
0.7077922224998474
0.7467532753944397
0.7077922224998474
0.7727272510528564
+++++++++++++++++++++++Generation 6+++++++++++++++++++++++
0.7532467246055603
0.701298713684082
0.7597402334213257
0.7142857313156128
0.7467532753944397
0.7662337422370911
0.7402597665786743
0.701298713684082
0.7727272510528564
0.7727272510528564
+++++++++++++++++++++++Generation 7+++++++++++++++++++++++
0.7467532753944397
0.7597402334213257
0.7727272510528564
0.7532467246055603
0.7207792401313782
0.7727272510528564
0.7597402334213257
0.6688311696052551
0.7207792401313782
0.7402597665786743
+++++++++++++++++++++++Generation 8+++++++++++++++++++++++
0.7402597665786743
0.7532467246055603
0.7532467246055603
0.7597402334213257
0.7142857313156128
0.7467532753944397
0.7402597665786743
0.6623376607894897
0.7597402334213257
0.7597402334213257
+++++++++++++++++++++++Generation 9+++++++++++++++++++++++
0.701298713684082
0.7662337422370911
0.7792207598686218
0.7272727489471436
0.7597402334213257
0.7077922224998474
+++++++++++++++++++++++Generation 0+++++++++++++++++++++++
0.6753246784210205
0.6558441519737244
0.8051947951316833
0.5844155550003052
0.7857142686843872
0.7337662577629089
0.701298713684082
0.7597402334213257
0.6558441519737244
0.6428571343421936
+++++++++++++++++++++++Generation 1+++++++++++++++++++++++
0.6558441519737244
0.7402597665786743
0.6883116960525513
0.6948052048683167
0.3571428656578064
0.7207792401313782
0.7402597665786743
0.6883116960525513
0.6818181872367859
0.7467532753944397
+++++++++++++++++++++++Generation 2+++++++++++++++++++++++
0.7207792401313782
0.6688311696052551
0.7467532753944397
0.7207792401313782
0.7532467246055603
0.7922077775001526
0.6883116960525513
0.7077922224998474
0.7142857313156128
0.6688311696052551
+++++++++++++++++++++++Generation 0+++++++++++++++++++++++
0.350649356842041
0.7207792401313782
0.6558441519737244
0.7337662577629089
0.6623376607894897
0.7337662577629089
0.7142857313156128
0.7402597665786743
0.6558441519737244
0.7337662577629089
+++++++++++++++++++++++Generation 1+++++++++++++++++++++++
0.6428571343421936
0.7207792401313782
0.3571428656578064
0.7207792401313782
0.4220779240131378
0.48701298236846924
0.6558441519737244
0.6428571343421936
0.6363636255264282
0.6948052048683167
+++++++++++++++++++++++Generation 2+++++++++++++++++++++++
0.7142857313156128
0.7272727489471436
0.3571428656578064
0.7272727489471436
0.6883116960525513
0.7207792401313782
0.7857142686843872
0.7922077775001526
0.7142857313156128
0.7922077775001526
+++++++++++++++++++++++Generation 0+++++++++++++++++++++++
0.7662337422370911
0.7272727489471436
0.7272727489471436
0.7532467246055603
0.7597402334213257
0.7727272510528564
0.7597402334213257
0.7727272510528564
0.7272727489471436
0.7597402334213257
0.7272727489471436
0.6428571343421936
0.7207792401313782
0.7207792401313782
0.7597402334213257
+++++++++++++++++++++++Generation 1+++++++++++++++++++++++
0.7272727489471436
0.7337662577629089
0.7207792401313782
0.7727272510528564
0.7532467246055603
0.7597402334213257
0.7922077775001526
0.7662337422370911
0.7207792401313782
0.7922077775001526
0.7402597665786743
0.6883116960525513
0.7727272510528564
0.7532467246055603
0.7272727489471436
+++++++++++++++++++++++Generation 2+++++++++++++++++++++++
0.7857142686843872
0.7402597665786743
0.7857142686843872
0.7662337422370911
0.6168830990791321
0.649350643157959
0.7272727489471436
0.7727272510528564
0.6883116960525513
0.6948052048683167
0.7402597665786743
0.7727272510528564
0.7727272510528564
0.7337662577629089
0.7532467246055603
+++++++++++++++++++++++Generation 3+++++++++++++++++++++++
0.6883116960525513
0.7857142686843872
0.7662337422370911
0.7662337422370911
0.7792207598686218
0.798701286315918
0.6428571343421936
0.6883116960525513
0.7727272510528564
0.7337662577629089
0.7467532753944397
0.6818181872367859
0.7337662577629089
0.7272727489471436
0.7272727489471436
+++++++++++++++++++++++Generation 0+++++++++++++++++++++++
0.7337662577629089
0.7662337422370911
0.7337662577629089
0.7077922224998474
0.7792207598686218
0.7077922224998474
0.7727272510528564
0.7272727489471436
0.6883116960525513
0.7792207598686218
0.7662337422370911
0.7467532753944397
0.7597402334213257
0.6623376607894897
0.7597402334213257
+++++++++++++++++++++++Generation 1+++++++++++++++++++++++
0.7207792401313782
0.7467532753944397
0.7597402334213257
0.7597402334213257
0.7727272510528564
0.6363636255264282
0.7402597665786743
0.7597402334213257
0.7792207598686218
0.7727272510528564
0.7467532753944397
0.7662337422370911
0.7402597665786743
0.6688311696052551
0.7402597665786743
+++++++++++++++++++++++Generation 2+++++++++++++++++++++++
0.7662337422370911
0.7337662577629089
0.7597402334213257
0.7337662577629089
0.6688311696052551
0.6948052048683167
0.7207792401313782
0.7727272510528564
0.7597402334213257
0.7272727489471436
0.7727272510528564
0.7337662577629089
0.7662337422370911
0.7077922224998474
0.7532467246055603
+++++++++++++++++++++++Generation 3+++++++++++++++++++++++
0.3571428656578064
0.7727272510528564
0.7142857313156128
0.7532467246055603
0.6428571343421936
0.7727272510528564
0.7337662577629089
0.7467532753944397
0.3571428656578064
0.7337662577629089
0.6688311696052551
0.701298713684082
0.3571428656578064
0.7272727489471436
0.7142857313156128
+++++++++++++++++++++++Generation 0+++++++++++++++++++++++
0.6948052048683167
0.6948052048683167
0.7077922224998474
0.7727272510528564
0.7922077775001526
0.7207792401313782
0.6623376607894897
0.7662337422370911
0.7597402334213257
0.7792207598686218
0.7467532753944397
0.7467532753944397
0.7337662577629089
0.6818181872367859
0.7142857313156128
+++++++++++++++++++++++Generation 1+++++++++++++++++++++++
0.7597402334213257
0.7467532753944397
0.6818181872367859
0.7142857313156128
0.7597402334213257
0.7597402334213257
0.7597402334213257
0.7662337422370911
0.7337662577629089
0.7337662577629089
0.7467532753944397
0.7662337422370911
0.6948052048683167
0.7467532753944397
0.7402597665786743
+++++++++++++++++++++++Generation 2+++++++++++++++++++++++
0.701298713684082
0.7402597665786743
0.7532467246055603
0.7857142686843872
0.7857142686843872
0.7402597665786743
0.7597402334213257
0.7662337422370911
0.7077922224998474
0.7467532753944397
0.7532467246055603
0.7467532753944397
0.8181818127632141
0.701298713684082
0.7207792401313782
+++++++++++++++++++++++Generation 3+++++++++++++++++++++++
0.6623376607894897
0.7207792401313782
0.7207792401313782
0.7792207598686218
0.701298713684082
0.7467532753944397
0.7402597665786743
0.6948052048683167
0.7272727489471436
0.701298713684082
0.2922077775001526
0.7337662577629089
0.7532467246055603
0.7272727489471436
0.7727272510528564
